<?xml version="1.0" encoding="UTF-8"?>
<!-- Generated by org.testng.reporters.JUnitXMLReporter -->
<testsuite hostname="DESKTOP-BD2581E" ignored="0" name="Default test" tests="3" failures="0" timestamp="26 Oct 2020 18:12:01 GMT" time="6.454" errors="0">
  <testcase name="api_for_foreign_exchange" time="0.6" classname="StepsDefinition.AssertResponse"/>
  <testcase name="passed_valid_values_from_get_method" time="5.722" classname="StepsDefinition.AssertResponse"/>
  <testcase name="validate_the_response_received_from_the_response_body" time="0.1" classname="StepsDefinition.AssertResponse"/>
</testsuite> <!-- Default test -->
