<?xml version="1.0" encoding="UTF-8"?>
<testng-results skipped="0" failed="0" ignored="0" total="3" passed="3">
  <reporter-output>
  </reporter-output>
  <suite name="Default suite" duration-ms="6454" started-at="2020-10-26T18:11:55Z" finished-at="2020-10-26T18:12:01Z">
    <groups>
    </groups>
    <test name="Default test" duration-ms="6454" started-at="2020-10-26T18:11:55Z" finished-at="2020-10-26T18:12:01Z">
      <class name="StepsDefinition.TestRunner">
        <test-method status="PASS" signature="api_for_foreign_exchange()[pri:0, instance:StepsDefinition.TestRunner@6a193da3]" name="api_for_foreign_exchange" duration-ms="600" started-at="2020-10-26T18:11:55Z" finished-at="2020-10-26T18:11:55Z">
          <reporter-output>
          </reporter-output>
        </test-method> <!-- api_for_foreign_exchange -->
        <test-method status="PASS" signature="passed_valid_values_from_get_method()[pri:0, instance:StepsDefinition.TestRunner@6a193da3]" name="passed_valid_values_from_get_method" duration-ms="5722" started-at="2020-10-26T18:11:55Z" finished-at="2020-10-26T18:12:01Z">
          <reporter-output>
          </reporter-output>
        </test-method> <!-- passed_valid_values_from_get_method -->
        <test-method status="PASS" signature="validate_the_response_received_from_the_response_body()[pri:0, instance:StepsDefinition.TestRunner@6a193da3]" name="validate_the_response_received_from_the_response_body" duration-ms="100" started-at="2020-10-26T18:12:01Z" finished-at="2020-10-26T18:12:01Z">
          <reporter-output>
          </reporter-output>
        </test-method> <!-- validate_the_response_received_from_the_response_body -->
      </class> <!-- StepsDefinition.TestRunner -->
    </test> <!-- Default test -->
  </suite> <!-- Default suite -->
</testng-results>
